<?xml version="1.0" encoding="UTF-8"?>
<!-- Generated by org.testng.reporters.JUnitReportReporter -->
<testsuite hostname="LAPTOP-TBO6R3J6" failures="0" tests="1" name="Page.TestIR1" time="0.012" errors="0" timestamp="2024-09-03T14:46:28 IST" skipped="0">
  <testcase classname="Page.TestIR1" name="run" time="0.012"/>
  <system-out/>
</testsuite> <!-- Page.TestIR1 -->
