<?xml version="1.0" encoding="UTF-8"?>
<!-- Generated by org.testng.reporters.JUnitReportReporter -->
<testsuite hostname="LAPTOP-TBO6R3J6" failures="0" tests="1" name="Katalon.TestFillForm" time="2.008" errors="0" timestamp="2024-09-29T18:05:43 IST" skipped="0">
  <testcase classname="Katalon.TestFillForm" name="run2" time="2.008"/>
  <system-out/>
</testsuite> <!-- Katalon.TestFillForm -->
