<?xml version="1.0" encoding="UTF-8"?>
<!-- Generated by org.testng.reporters.JUnitReportReporter -->
<testsuite hostname="LAPTOP-TBO6R3J6" failures="0" tests="1" name="Default.WibdowHandeling" time="1.123" errors="0" timestamp="2024-09-02T07:23:55 IST" skipped="0">
  <testcase classname="Default.WibdowHandeling" name="Windows1" time="1.123"/>
  <system-out/>
</testsuite> <!-- Default.WibdowHandeling -->
