<?xml version="1.0" encoding="UTF-8"?>
<!-- Generated by org.testng.reporters.JUnitReportReporter -->
<testsuite hostname="LAPTOP-TBO6R3J6" failures="0" tests="1" name="Default.DefaultClass" time="0.010" errors="0" timestamp="2024-09-24T22:37:13 IST" skipped="0">
  <testcase classname="Default.DefaultClass" name="Reverse" time="0.010"/>
  <system-out/>
</testsuite> <!-- Default.DefaultClass -->
