<?xml version="1.0" encoding="UTF-8"?>
<!-- Generated by org.testng.reporters.JUnitReportReporter -->
<testsuite hostname="LAPTOP-TBO6R3J6" failures="0" tests="1" name="Default.browser" time="108.748" errors="0" timestamp="2024-09-01T22:45:46 IST" skipped="0">
  <testcase classname="Default.browser" name="link12" time="108.748"/>
  <system-out/>
</testsuite> <!-- Default.browser -->
