<?xml version="1.0" encoding="UTF-8"?>
<!-- Generated by org.testng.reporters.JUnitReportReporter -->
<testsuite hostname="LAPTOP-TBO6R3J6" failures="0" tests="1" name="PracticeBook.TestDay1" time="0.185" errors="0" timestamp="2024-09-05T00:41:02 IST" skipped="0">
  <testcase classname="PracticeBook.TestDay1" name="RunHomePage" time="0.185"/>
  <system-out/>
</testsuite> <!-- PracticeBook.TestDay1 -->
