<?xml version="1.0" encoding="UTF-8"?>
<!-- Generated by org.testng.reporters.JUnitReportReporter -->
<testsuite hostname="LAPTOP-TBO6R3J6" failures="0" tests="1" name="Katalon.Home" time="0.439" errors="0" timestamp="2024-09-26T22:22:58 IST" skipped="0">
  <testcase classname="Katalon.Home" name="home" time="0.439"/>
  <system-out/>
</testsuite> <!-- Katalon.Home -->
