<?xml version="1.0" encoding="UTF-8"?>
<!-- Generated by org.testng.reporters.JUnitReportReporter -->
<testsuite hostname="LAPTOP-TBO6R3J6" failures="0" tests="2" name="Default.DynamicXpath" time="0.004" errors="0" timestamp="2024-09-23T23:33:02 IST" skipped="1">
  <testcase classname="Default.DynamicXpath" name="Testcase" time="0.004"/>
  <system-out/>
  <testcase classname="Default.DynamicXpath" name="IDs">
    <skipped/>
  </testcase> <!-- IDs -->
  <system-out/>
</testsuite> <!-- Default.DynamicXpath -->
