<?xml version="1.0" encoding="UTF-8"?>
<!-- Generated by org.testng.reporters.JUnitReportReporter -->
<testsuite hostname="LAPTOP-TBO6R3J6" failures="0" tests="1" name="Page.Home" time="0.007" errors="0" timestamp="2024-08-30T23:09:50 IST" skipped="0">
  <testcase classname="Page.Home" name="reverse" time="0.007"/>
  <system-out/>
</testsuite> <!-- Page.Home -->
