<?xml version="1.0" encoding="UTF-8"?>
<!-- Generated by org.testng.reporters.JUnitReportReporter -->
<testsuite hostname="LAPTOP-TBO6R3J6" failures="0" tests="1" name="TestScript.TestOri" time="0.097" errors="0" timestamp="2024-09-22T19:34:20 IST" skipped="0">
  <testcase classname="TestScript.TestOri" name="run" time="0.097"/>
  <system-out/>
</testsuite> <!-- TestScript.TestOri -->
