<?xml version="1.0" encoding="UTF-8"?>
<!-- Generated by org.testng.reporters.JUnitReportReporter -->
<testsuite hostname="LAPTOP-TBO6R3J6" failures="0" tests="6" name="Default.Skip" time="0.012" errors="0" timestamp="2024-09-24T00:11:02 IST" skipped="1">
  <testcase classname="Default.Skip" name="Test6" time="0.008"/>
  <system-out/>
  <testcase classname="Default.Skip" name="Test5" time="0.001"/>
  <system-out/>
  <testcase classname="Default.Skip" name="Test4" time="0.001"/>
  <system-out/>
  <testcase classname="Default.Skip" name="Test3" time="0.001"/>
  <system-out/>
  <testcase classname="Default.Skip" name="ATest2" time="0.001"/>
  <system-out/>
  <testcase classname="Default.Skip" name="Test1">
    <skipped/>
  </testcase> <!-- Test1 -->
  <system-out/>
</testsuite> <!-- Default.Skip -->
