<?xml version="1.0" encoding="UTF-8"?>
<!-- Generated by org.testng.reporters.JUnitReportReporter -->
<testsuite hostname="LAPTOP-TBO6R3J6" failures="0" tests="1" name="Katalon.TestLoginPage" time="1.648" errors="0" timestamp="2024-09-27T18:49:59 IST" skipped="0">
  <testcase classname="Katalon.TestLoginPage" name="run1" time="1.648"/>
  <system-out/>
</testsuite> <!-- Katalon.TestLoginPage -->
