<?xml version="1.0" encoding="UTF-8"?>
<!-- Generated by org.testng.reporters.JUnitReportReporter -->
<testsuite hostname="LAPTOP-TBO6R3J6" failures="0" tests="1" name="Default.MainWindowChildWindow" time="10.483" errors="0" timestamp="2024-09-02T21:01:49 IST" skipped="0">
  <testcase classname="Default.MainWindowChildWindow" name="MWCW" time="10.483"/>
  <system-out/>
</testsuite> <!-- Default.MainWindowChildWindow -->
