<?xml version="1.0" encoding="UTF-8"?>
<!-- Generated by org.testng.reporters.JUnitReportReporter -->
<testsuite hostname="LAPTOP-TBO6R3J6" failures="0" tests="2" name="PracticeBook.Flags" time="0.896" errors="0" timestamp="2024-09-24T22:47:58 IST" skipped="1">
  <testcase classname="PracticeBook.Flags" name="IndiaFlag" time="0.896"/>
  <system-out/>
  <testcase classname="PracticeBook.Flags" name="Reverse">
    <skipped/>
  </testcase> <!-- Reverse -->
  <system-out/>
</testsuite> <!-- PracticeBook.Flags -->
