<?xml version="1.0" encoding="UTF-8"?>
<!-- Generated by org.testng.reporters.JUnitReportReporter -->
<testsuite hostname="LAPTOP-TBO6R3J6" failures="0" tests="1" name="Katalon.TestHome" time="0.420" errors="0" timestamp="2024-09-26T22:49:18 IST" skipped="0">
  <testcase classname="Katalon.TestHome" name="run" time="0.420"/>
  <system-out/>
</testsuite> <!-- Katalon.TestHome -->
